[2014-08-15 19:25:17,131]-ERROR (SchemaUpdate.java:236)|HHH000388: Unsuccessful: create table jsi_db.tb_user (id int not null, username varchar, loginid varchar, password varchar, primary key (id))
[2014-08-15 19:25:17,132]-ERROR (SchemaUpdate.java:237)|You have an error in your SQL syntax; check the manual that corresponds to your MySQL server version for the right syntax to use near '
        loginid varchar,
        password varchar,
        primary key (id)
   ' at line 3
[2014-08-15 19:28:11,594]-ERROR (SchemaUpdate.java:236)|HHH000388: Unsuccessful: create table jsi_db.tb_user (id int not null, username varchar, loginid varchar, password varchar, primary key (id))
[2014-08-15 19:28:11,596]-ERROR (SchemaUpdate.java:237)|You have an error in your SQL syntax; check the manual that corresponds to your MySQL server version for the right syntax to use near '
        loginid varchar,
        password varchar,
        primary key (id)
   ' at line 3
[2014-08-15 19:32:52,123]-ERROR (SchemaUpdate.java:236)|HHH000388: Unsuccessful: create table jsi_db.tb_user (id int not null, username varchar, loginid varchar, password varchar, primary key (id))
[2014-08-15 19:32:52,124]-ERROR (SchemaUpdate.java:237)|You have an error in your SQL syntax; check the manual that corresponds to your MySQL server version for the right syntax to use near '
        loginid varchar,
        password varchar,
        primary key (id)
   ' at line 3
[2014-08-18 16:08:44,581]-ERROR (BaseDaoImpl.java:241)|save failed
java.lang.NullPointerException
	at cn.edu.buaa.jsi.hibernate.dao.impl.BaseDaoImpl.save(BaseDaoImpl.java:238)
	at cn.edu.buaa.jsi.hibernate.dao.impl.GroupDaoImpl.saveGroup(GroupDaoImpl.java:12)
	at cn.edu.buaa.jsi.test.InitialDatebase.main(InitialDatebase.java:23)
[2014-08-18 16:22:06,499]-ERROR (BaseDaoImpl.java:241)|save failed
java.lang.NullPointerException
	at cn.edu.buaa.jsi.hibernate.dao.impl.BaseDaoImpl.save(BaseDaoImpl.java:238)
	at cn.edu.buaa.jsi.hibernate.dao.impl.GroupDaoImpl.saveGroup(GroupDaoImpl.java:12)
	at cn.edu.buaa.jsi.test.InitialDatebase.main(InitialDatebase.java:23)
[2014-08-18 16:24:25,082]-ERROR (BaseDaoImpl.java:241)|save failed
java.lang.NullPointerException
	at cn.edu.buaa.jsi.hibernate.dao.impl.BaseDaoImpl.save(BaseDaoImpl.java:238)
	at cn.edu.buaa.jsi.hibernate.dao.impl.GroupDaoImpl.saveGroup(GroupDaoImpl.java:12)
	at cn.edu.buaa.jsi.test.InitialDatebase.main(InitialDatebase.java:23)
[2014-08-18 16:40:50,560]-ERROR (BaseDaoImpl.java:241)|save failed
java.lang.NullPointerException
	at cn.edu.buaa.jsi.hibernate.dao.impl.BaseDaoImpl.save(BaseDaoImpl.java:238)
	at cn.edu.buaa.jsi.hibernate.dao.impl.GroupDaoImpl.saveGroup(GroupDaoImpl.java:12)
	at cn.edu.buaa.jsi.test.InitialDatebase.main(InitialDatebase.java:23)
	at sun.reflect.NativeMethodAccessorImpl.invoke0(Native Method)
	at sun.reflect.NativeMethodAccessorImpl.invoke(NativeMethodAccessorImpl.java:62)
	at sun.reflect.DelegatingMethodAccessorImpl.invoke(DelegatingMethodAccessorImpl.java:43)
	at java.lang.reflect.Method.invoke(Method.java:483)
	at com.intellij.rt.execution.application.AppMain.main(AppMain.java:120)
[2014-08-18 16:51:52,481]-ERROR (BaseDaoImpl.java:241)|save failed
java.lang.NullPointerException
	at cn.edu.buaa.jsi.hibernate.dao.impl.BaseDaoImpl.save(BaseDaoImpl.java:238)
	at cn.edu.buaa.jsi.hibernate.dao.impl.GroupDaoImpl.saveGroup(GroupDaoImpl.java:12)
	at cn.edu.buaa.jsi.test.InitialDatebase.main(InitialDatebase.java:23)
	at sun.reflect.NativeMethodAccessorImpl.invoke0(Native Method)
	at sun.reflect.NativeMethodAccessorImpl.invoke(NativeMethodAccessorImpl.java:62)
	at sun.reflect.DelegatingMethodAccessorImpl.invoke(DelegatingMethodAccessorImpl.java:43)
	at java.lang.reflect.Method.invoke(Method.java:483)
	at com.intellij.rt.execution.application.AppMain.main(AppMain.java:120)
[2014-08-18 16:54:35,993]-ERROR (BaseDaoImpl.java:241)|save failed
java.lang.NullPointerException
	at cn.edu.buaa.jsi.hibernate.dao.impl.BaseDaoImpl.save(BaseDaoImpl.java:238)
	at cn.edu.buaa.jsi.hibernate.dao.impl.GroupDaoImpl.saveGroup(GroupDaoImpl.java:12)
	at cn.edu.buaa.jsi.test.InitialDatebase.main(InitialDatebase.java:23)
	at sun.reflect.NativeMethodAccessorImpl.invoke0(Native Method)
	at sun.reflect.NativeMethodAccessorImpl.invoke(NativeMethodAccessorImpl.java:62)
	at sun.reflect.DelegatingMethodAccessorImpl.invoke(DelegatingMethodAccessorImpl.java:43)
	at java.lang.reflect.Method.invoke(Method.java:483)
	at com.intellij.rt.execution.application.AppMain.main(AppMain.java:120)
[2014-08-18 16:59:10,258]-ERROR (BaseDaoImpl.java:241)|save failed
java.lang.NullPointerException
	at cn.edu.buaa.jsi.hibernate.dao.impl.BaseDaoImpl.save(BaseDaoImpl.java:238)
	at cn.edu.buaa.jsi.hibernate.dao.impl.GroupDaoImpl.saveGroup(GroupDaoImpl.java:12)
	at cn.edu.buaa.jsi.test.InitialDatebase.main(InitialDatebase.java:23)
[2014-08-18 17:17:39,065]-ERROR (BaseDaoImpl.java:241)|save failed
java.lang.NullPointerException
	at cn.edu.buaa.jsi.hibernate.dao.impl.BaseDaoImpl.save(BaseDaoImpl.java:238)
	at cn.edu.buaa.jsi.hibernate.dao.impl.GroupDaoImpl.saveGroup(GroupDaoImpl.java:12)
	at cn.edu.buaa.jsi.test.InitialDatebase.main(InitialDatebase.java:23)
[2014-08-18 17:29:41,217]-ERROR (BaseDaoImpl.java:241)|save failed
org.springframework.dao.InvalidDataAccessApiUsageException: Write operations are not allowed in read-only mode (FlushMode.MANUAL): Turn your Session into FlushMode.COMMIT/AUTO or remove 'readOnly' marker from transaction definition.
	at org.springframework.orm.hibernate4.HibernateTemplate.checkWriteOperationAllowed(HibernateTemplate.java:1135)
	at org.springframework.orm.hibernate4.HibernateTemplate$12.doInHibernate(HibernateTemplate.java:620)
	at org.springframework.orm.hibernate4.HibernateTemplate$12.doInHibernate(HibernateTemplate.java:617)
	at org.springframework.orm.hibernate4.HibernateTemplate.doExecute(HibernateTemplate.java:340)
	at org.springframework.orm.hibernate4.HibernateTemplate.executeWithNativeSession(HibernateTemplate.java:308)
	at org.springframework.orm.hibernate4.HibernateTemplate.save(HibernateTemplate.java:617)
	at cn.edu.buaa.jsi.hibernate.dao.impl.BaseDaoImpl.save(BaseDaoImpl.java:238)
	at cn.edu.buaa.jsi.hibernate.dao.impl.GroupDaoImpl.saveGroup(GroupDaoImpl.java:12)
	at cn.edu.buaa.jsi.test.InitialDatebase.main(InitialDatebase.java:23)
[2014-08-18 17:32:57,443]-ERROR (BaseDaoImpl.java:241)|save failed
org.springframework.dao.InvalidDataAccessApiUsageException: Write operations are not allowed in read-only mode (FlushMode.MANUAL): Turn your Session into FlushMode.COMMIT/AUTO or remove 'readOnly' marker from transaction definition.
	at org.springframework.orm.hibernate4.HibernateTemplate.checkWriteOperationAllowed(HibernateTemplate.java:1135)
	at org.springframework.orm.hibernate4.HibernateTemplate$12.doInHibernate(HibernateTemplate.java:620)
	at org.springframework.orm.hibernate4.HibernateTemplate$12.doInHibernate(HibernateTemplate.java:617)
	at org.springframework.orm.hibernate4.HibernateTemplate.doExecute(HibernateTemplate.java:340)
	at org.springframework.orm.hibernate4.HibernateTemplate.executeWithNativeSession(HibernateTemplate.java:308)
	at org.springframework.orm.hibernate4.HibernateTemplate.save(HibernateTemplate.java:617)
	at cn.edu.buaa.jsi.hibernate.dao.impl.BaseDaoImpl.save(BaseDaoImpl.java:238)
	at cn.edu.buaa.jsi.hibernate.dao.impl.GroupDaoImpl.saveGroup(GroupDaoImpl.java:12)
	at cn.edu.buaa.jsi.test.InitialDatebase.main(InitialDatebase.java:23)
[2014-08-18 17:39:32,748]-ERROR (BaseDaoImpl.java:241)|save failed
org.springframework.dao.InvalidDataAccessApiUsageException: Write operations are not allowed in read-only mode (FlushMode.MANUAL): Turn your Session into FlushMode.COMMIT/AUTO or remove 'readOnly' marker from transaction definition.
	at org.springframework.orm.hibernate4.HibernateTemplate.checkWriteOperationAllowed(HibernateTemplate.java:1135)
	at org.springframework.orm.hibernate4.HibernateTemplate$12.doInHibernate(HibernateTemplate.java:620)
	at org.springframework.orm.hibernate4.HibernateTemplate$12.doInHibernate(HibernateTemplate.java:617)
	at org.springframework.orm.hibernate4.HibernateTemplate.doExecute(HibernateTemplate.java:340)
	at org.springframework.orm.hibernate4.HibernateTemplate.executeWithNativeSession(HibernateTemplate.java:308)
	at org.springframework.orm.hibernate4.HibernateTemplate.save(HibernateTemplate.java:617)
	at cn.edu.buaa.jsi.hibernate.dao.impl.BaseDaoImpl.save(BaseDaoImpl.java:238)
	at cn.edu.buaa.jsi.hibernate.dao.impl.GroupDaoImpl.saveGroup(GroupDaoImpl.java:12)
	at cn.edu.buaa.jsi.test.InitialDatebase.main(InitialDatebase.java:23)
[2014-08-18 17:41:21,401]-ERROR (BaseDaoImpl.java:241)|save failed
org.springframework.dao.InvalidDataAccessApiUsageException: Write operations are not allowed in read-only mode (FlushMode.MANUAL): Turn your Session into FlushMode.COMMIT/AUTO or remove 'readOnly' marker from transaction definition.
	at org.springframework.orm.hibernate4.HibernateTemplate.checkWriteOperationAllowed(HibernateTemplate.java:1135)
	at org.springframework.orm.hibernate4.HibernateTemplate$12.doInHibernate(HibernateTemplate.java:620)
	at org.springframework.orm.hibernate4.HibernateTemplate$12.doInHibernate(HibernateTemplate.java:617)
	at org.springframework.orm.hibernate4.HibernateTemplate.doExecute(HibernateTemplate.java:340)
	at org.springframework.orm.hibernate4.HibernateTemplate.executeWithNativeSession(HibernateTemplate.java:308)
	at org.springframework.orm.hibernate4.HibernateTemplate.save(HibernateTemplate.java:617)
	at cn.edu.buaa.jsi.hibernate.dao.impl.BaseDaoImpl.save(BaseDaoImpl.java:238)
	at cn.edu.buaa.jsi.hibernate.dao.impl.GroupDaoImpl.saveGroup(GroupDaoImpl.java:12)
	at cn.edu.buaa.jsi.test.InitialDatebase.main(InitialDatebase.java:23)
	at sun.reflect.NativeMethodAccessorImpl.invoke0(Native Method)
	at sun.reflect.NativeMethodAccessorImpl.invoke(NativeMethodAccessorImpl.java:62)
	at sun.reflect.DelegatingMethodAccessorImpl.invoke(DelegatingMethodAccessorImpl.java:43)
	at java.lang.reflect.Method.invoke(Method.java:483)
	at com.intellij.rt.execution.application.AppMain.main(AppMain.java:120)
[2014-08-18 17:49:34,073]-ERROR (BaseDaoImpl.java:241)|save failed
org.springframework.dao.InvalidDataAccessApiUsageException: Write operations are not allowed in read-only mode (FlushMode.MANUAL): Turn your Session into FlushMode.COMMIT/AUTO or remove 'readOnly' marker from transaction definition.
	at org.springframework.orm.hibernate4.HibernateTemplate.checkWriteOperationAllowed(HibernateTemplate.java:1135)
	at org.springframework.orm.hibernate4.HibernateTemplate$12.doInHibernate(HibernateTemplate.java:620)
	at org.springframework.orm.hibernate4.HibernateTemplate$12.doInHibernate(HibernateTemplate.java:617)
	at org.springframework.orm.hibernate4.HibernateTemplate.doExecute(HibernateTemplate.java:340)
	at org.springframework.orm.hibernate4.HibernateTemplate.executeWithNativeSession(HibernateTemplate.java:308)
	at org.springframework.orm.hibernate4.HibernateTemplate.save(HibernateTemplate.java:617)
	at cn.edu.buaa.jsi.hibernate.dao.impl.BaseDaoImpl.save(BaseDaoImpl.java:238)
	at cn.edu.buaa.jsi.hibernate.dao.impl.GroupDaoImpl.saveGroup(GroupDaoImpl.java:12)
	at cn.edu.buaa.jsi.test.InitialDatebase.main(InitialDatebase.java:23)
[2014-08-18 17:52:31,774]-ERROR (BaseDaoImpl.java:241)|save failed
org.springframework.dao.InvalidDataAccessApiUsageException: Write operations are not allowed in read-only mode (FlushMode.MANUAL): Turn your Session into FlushMode.COMMIT/AUTO or remove 'readOnly' marker from transaction definition.
	at org.springframework.orm.hibernate4.HibernateTemplate.checkWriteOperationAllowed(HibernateTemplate.java:1135)
	at org.springframework.orm.hibernate4.HibernateTemplate$12.doInHibernate(HibernateTemplate.java:620)
	at org.springframework.orm.hibernate4.HibernateTemplate$12.doInHibernate(HibernateTemplate.java:617)
	at org.springframework.orm.hibernate4.HibernateTemplate.doExecute(HibernateTemplate.java:340)
	at org.springframework.orm.hibernate4.HibernateTemplate.executeWithNativeSession(HibernateTemplate.java:308)
	at org.springframework.orm.hibernate4.HibernateTemplate.save(HibernateTemplate.java:617)
	at cn.edu.buaa.jsi.hibernate.dao.impl.BaseDaoImpl.save(BaseDaoImpl.java:238)
	at cn.edu.buaa.jsi.hibernate.dao.impl.GroupDaoImpl.saveGroup(GroupDaoImpl.java:12)
	at cn.edu.buaa.jsi.test.InitialDatebase.main(InitialDatebase.java:23)
[2014-08-18 17:52:56,218]-ERROR (BaseDaoImpl.java:241)|save failed
org.springframework.dao.InvalidDataAccessApiUsageException: Write operations are not allowed in read-only mode (FlushMode.MANUAL): Turn your Session into FlushMode.COMMIT/AUTO or remove 'readOnly' marker from transaction definition.
	at org.springframework.orm.hibernate4.HibernateTemplate.checkWriteOperationAllowed(HibernateTemplate.java:1135)
	at org.springframework.orm.hibernate4.HibernateTemplate$12.doInHibernate(HibernateTemplate.java:620)
	at org.springframework.orm.hibernate4.HibernateTemplate$12.doInHibernate(HibernateTemplate.java:617)
	at org.springframework.orm.hibernate4.HibernateTemplate.doExecute(HibernateTemplate.java:340)
	at org.springframework.orm.hibernate4.HibernateTemplate.executeWithNativeSession(HibernateTemplate.java:308)
	at org.springframework.orm.hibernate4.HibernateTemplate.save(HibernateTemplate.java:617)
	at cn.edu.buaa.jsi.hibernate.dao.impl.BaseDaoImpl.save(BaseDaoImpl.java:238)
	at cn.edu.buaa.jsi.hibernate.dao.impl.GroupDaoImpl.saveGroup(GroupDaoImpl.java:12)
	at cn.edu.buaa.jsi.test.InitialDatebase.main(InitialDatebase.java:23)
[2014-08-18 17:53:41,324]-ERROR (BaseDaoImpl.java:241)|save failed
org.springframework.dao.InvalidDataAccessApiUsageException: Write operations are not allowed in read-only mode (FlushMode.MANUAL): Turn your Session into FlushMode.COMMIT/AUTO or remove 'readOnly' marker from transaction definition.
	at org.springframework.orm.hibernate4.HibernateTemplate.checkWriteOperationAllowed(HibernateTemplate.java:1135)
	at org.springframework.orm.hibernate4.HibernateTemplate$12.doInHibernate(HibernateTemplate.java:620)
	at org.springframework.orm.hibernate4.HibernateTemplate$12.doInHibernate(HibernateTemplate.java:617)
	at org.springframework.orm.hibernate4.HibernateTemplate.doExecute(HibernateTemplate.java:340)
	at org.springframework.orm.hibernate4.HibernateTemplate.executeWithNativeSession(HibernateTemplate.java:308)
	at org.springframework.orm.hibernate4.HibernateTemplate.save(HibernateTemplate.java:617)
	at cn.edu.buaa.jsi.hibernate.dao.impl.BaseDaoImpl.save(BaseDaoImpl.java:238)
	at cn.edu.buaa.jsi.hibernate.dao.impl.GroupDaoImpl.saveGroup(GroupDaoImpl.java:12)
	at cn.edu.buaa.jsi.test.InitialDatebase.main(InitialDatebase.java:23)
[2014-08-18 18:09:24,889]-ERROR (BaseDaoImpl.java:241)|save failed
org.springframework.dao.InvalidDataAccessApiUsageException: Write operations are not allowed in read-only mode (FlushMode.MANUAL): Turn your Session into FlushMode.COMMIT/AUTO or remove 'readOnly' marker from transaction definition.
	at org.springframework.orm.hibernate4.HibernateTemplate.checkWriteOperationAllowed(HibernateTemplate.java:1135)
	at org.springframework.orm.hibernate4.HibernateTemplate$12.doInHibernate(HibernateTemplate.java:620)
	at org.springframework.orm.hibernate4.HibernateTemplate$12.doInHibernate(HibernateTemplate.java:617)
	at org.springframework.orm.hibernate4.HibernateTemplate.doExecute(HibernateTemplate.java:340)
	at org.springframework.orm.hibernate4.HibernateTemplate.executeWithNativeSession(HibernateTemplate.java:308)
	at org.springframework.orm.hibernate4.HibernateTemplate.save(HibernateTemplate.java:617)
	at cn.edu.buaa.jsi.hibernate.dao.impl.BaseDaoImpl.save(BaseDaoImpl.java:238)
	at cn.edu.buaa.jsi.hibernate.dao.impl.GroupDaoImpl.saveGroup(GroupDaoImpl.java:12)
	at cn.edu.buaa.jsi.test.InitialDatebase.main(InitialDatebase.java:23)
[2014-08-18 18:15:14,914]-ERROR (BaseDaoImpl.java:241)|save failed
org.springframework.dao.InvalidDataAccessApiUsageException: Write operations are not allowed in read-only mode (FlushMode.MANUAL): Turn your Session into FlushMode.COMMIT/AUTO or remove 'readOnly' marker from transaction definition.
	at org.springframework.orm.hibernate4.HibernateTemplate.checkWriteOperationAllowed(HibernateTemplate.java:1135)
	at org.springframework.orm.hibernate4.HibernateTemplate$12.doInHibernate(HibernateTemplate.java:620)
	at org.springframework.orm.hibernate4.HibernateTemplate$12.doInHibernate(HibernateTemplate.java:617)
	at org.springframework.orm.hibernate4.HibernateTemplate.doExecute(HibernateTemplate.java:340)
	at org.springframework.orm.hibernate4.HibernateTemplate.executeWithNativeSession(HibernateTemplate.java:308)
	at org.springframework.orm.hibernate4.HibernateTemplate.save(HibernateTemplate.java:617)
	at cn.edu.buaa.jsi.hibernate.dao.impl.BaseDaoImpl.save(BaseDaoImpl.java:238)
	at cn.edu.buaa.jsi.hibernate.dao.impl.GroupDaoImpl.saveGroup(GroupDaoImpl.java:12)
	at cn.edu.buaa.jsi.test.InitialDatebase.main(InitialDatebase.java:23)
[2014-08-18 18:20:00,889]-ERROR (BaseDaoImpl.java:241)|save failed
org.springframework.dao.InvalidDataAccessApiUsageException: Write operations are not allowed in read-only mode (FlushMode.MANUAL): Turn your Session into FlushMode.COMMIT/AUTO or remove 'readOnly' marker from transaction definition.
	at org.springframework.orm.hibernate4.HibernateTemplate.checkWriteOperationAllowed(HibernateTemplate.java:1135)
	at org.springframework.orm.hibernate4.HibernateTemplate$12.doInHibernate(HibernateTemplate.java:620)
	at org.springframework.orm.hibernate4.HibernateTemplate$12.doInHibernate(HibernateTemplate.java:617)
	at org.springframework.orm.hibernate4.HibernateTemplate.doExecute(HibernateTemplate.java:340)
	at org.springframework.orm.hibernate4.HibernateTemplate.executeWithNativeSession(HibernateTemplate.java:308)
	at org.springframework.orm.hibernate4.HibernateTemplate.save(HibernateTemplate.java:617)
	at cn.edu.buaa.jsi.hibernate.dao.impl.BaseDaoImpl.save(BaseDaoImpl.java:238)
	at cn.edu.buaa.jsi.hibernate.dao.impl.GroupDaoImpl.saveGroup(GroupDaoImpl.java:12)
	at cn.edu.buaa.jsi.test.InitialDatebase.main(InitialDatebase.java:23)
[2014-08-18 18:21:09,006]-ERROR (BaseDaoImpl.java:241)|save failed
org.springframework.dao.InvalidDataAccessApiUsageException: Write operations are not allowed in read-only mode (FlushMode.MANUAL): Turn your Session into FlushMode.COMMIT/AUTO or remove 'readOnly' marker from transaction definition.
	at org.springframework.orm.hibernate4.HibernateTemplate.checkWriteOperationAllowed(HibernateTemplate.java:1135)
	at org.springframework.orm.hibernate4.HibernateTemplate$12.doInHibernate(HibernateTemplate.java:620)
	at org.springframework.orm.hibernate4.HibernateTemplate$12.doInHibernate(HibernateTemplate.java:617)
	at org.springframework.orm.hibernate4.HibernateTemplate.doExecute(HibernateTemplate.java:340)
	at org.springframework.orm.hibernate4.HibernateTemplate.executeWithNativeSession(HibernateTemplate.java:308)
	at org.springframework.orm.hibernate4.HibernateTemplate.save(HibernateTemplate.java:617)
	at cn.edu.buaa.jsi.hibernate.dao.impl.BaseDaoImpl.save(BaseDaoImpl.java:238)
	at cn.edu.buaa.jsi.hibernate.dao.impl.GroupDaoImpl.saveGroup(GroupDaoImpl.java:12)
	at cn.edu.buaa.jsi.test.InitialDatebase.main(InitialDatebase.java:23)
[2014-08-18 18:23:15,895]-ERROR (BaseDaoImpl.java:241)|save failed
org.springframework.dao.InvalidDataAccessApiUsageException: Write operations are not allowed in read-only mode (FlushMode.MANUAL): Turn your Session into FlushMode.COMMIT/AUTO or remove 'readOnly' marker from transaction definition.
	at org.springframework.orm.hibernate4.HibernateTemplate.checkWriteOperationAllowed(HibernateTemplate.java:1135)
	at org.springframework.orm.hibernate4.HibernateTemplate$12.doInHibernate(HibernateTemplate.java:620)
	at org.springframework.orm.hibernate4.HibernateTemplate$12.doInHibernate(HibernateTemplate.java:617)
	at org.springframework.orm.hibernate4.HibernateTemplate.doExecute(HibernateTemplate.java:340)
	at org.springframework.orm.hibernate4.HibernateTemplate.executeWithNativeSession(HibernateTemplate.java:308)
	at org.springframework.orm.hibernate4.HibernateTemplate.save(HibernateTemplate.java:617)
	at cn.edu.buaa.jsi.hibernate.dao.impl.BaseDaoImpl.save(BaseDaoImpl.java:238)
	at cn.edu.buaa.jsi.hibernate.dao.impl.GroupDaoImpl.saveGroup(GroupDaoImpl.java:12)
	at cn.edu.buaa.jsi.test.InitialDatebase.main(InitialDatebase.java:23)
[2014-08-18 18:39:20,137]-ERROR (BaseDaoImpl.java:240)|save failed
org.springframework.dao.InvalidDataAccessApiUsageException: Write operations are not allowed in read-only mode (FlushMode.MANUAL): Turn your Session into FlushMode.COMMIT/AUTO or remove 'readOnly' marker from transaction definition.
	at org.springframework.orm.hibernate4.HibernateTemplate.checkWriteOperationAllowed(HibernateTemplate.java:1135)
	at org.springframework.orm.hibernate4.HibernateTemplate$12.doInHibernate(HibernateTemplate.java:620)
	at org.springframework.orm.hibernate4.HibernateTemplate$12.doInHibernate(HibernateTemplate.java:617)
	at org.springframework.orm.hibernate4.HibernateTemplate.doExecute(HibernateTemplate.java:340)
	at org.springframework.orm.hibernate4.HibernateTemplate.executeWithNativeSession(HibernateTemplate.java:308)
	at org.springframework.orm.hibernate4.HibernateTemplate.save(HibernateTemplate.java:617)
	at cn.edu.buaa.jsi.hibernate.dao.impl.BaseDaoImpl.save(BaseDaoImpl.java:237)
	at cn.edu.buaa.jsi.hibernate.dao.impl.GroupDaoImpl.saveGroup(GroupDaoImpl.java:12)
	at cn.edu.buaa.jsi.test.InitialDatebase.main(InitialDatebase.java:23)
[2014-08-18 18:44:44,176]-ERROR (SchemaUpdate.java:247)|HHH000299: Could not complete schema update
java.lang.UnsupportedOperationException: The application must supply JDBC connections
	at org.hibernate.engine.jdbc.connections.internal.UserSuppliedConnectionProviderImpl.getConnection(UserSuppliedConnectionProviderImpl.java:61)
	at org.hibernate.tool.hbm2ddl.SuppliedConnectionProviderConnectionHelper.prepare(SuppliedConnectionProviderConnectionHelper.java:51)
	at org.hibernate.tool.hbm2ddl.SchemaUpdate.execute(SchemaUpdate.java:194)
	at org.hibernate.tool.hbm2ddl.SchemaUpdate.execute(SchemaUpdate.java:178)
	at org.hibernate.internal.SessionFactoryImpl.<init>(SessionFactoryImpl.java:522)
	at org.hibernate.cfg.Configuration.buildSessionFactory(Configuration.java:1857)
	at org.hibernate.cfg.Configuration.buildSessionFactory(Configuration.java:1928)
	at cn.edu.buaa.jsi.utils.HibernateUtils.<clinit>(HibernateUtils.java:24)
	at cn.edu.buaa.jsi.hibernate.dao.impl.BaseDaoImpl.save(BaseDaoImpl.java:239)
	at cn.edu.buaa.jsi.hibernate.dao.impl.GroupDaoImpl.saveGroup(GroupDaoImpl.java:12)
	at cn.edu.buaa.jsi.test.InitialDatebase.main(InitialDatebase.java:23)
[2014-08-18 18:45:11,334]-ERROR (BaseDaoImpl.java:242)|save failed
java.lang.UnsupportedOperationException: The application must supply JDBC connections
	at org.hibernate.engine.jdbc.connections.internal.UserSuppliedConnectionProviderImpl.getConnection(UserSuppliedConnectionProviderImpl.java:61)
	at org.hibernate.internal.AbstractSessionImpl$NonContextualJdbcConnectionAccess.obtainConnection(AbstractSessionImpl.java:380)
	at org.hibernate.engine.jdbc.internal.LogicalConnectionImpl.obtainConnection(LogicalConnectionImpl.java:228)
	at org.hibernate.engine.jdbc.internal.LogicalConnectionImpl.getConnection(LogicalConnectionImpl.java:171)
	at org.hibernate.engine.transaction.internal.jdbc.JdbcTransaction.doBegin(JdbcTransaction.java:67)
	at org.hibernate.engine.transaction.spi.AbstractTransactionImpl.begin(AbstractTransactionImpl.java:162)
	at org.hibernate.internal.SessionImpl.beginTransaction(SessionImpl.java:1435)
	at cn.edu.buaa.jsi.utils.HibernateUtils.add(HibernateUtils.java:48)
	at cn.edu.buaa.jsi.hibernate.dao.impl.BaseDaoImpl.save(BaseDaoImpl.java:239)
	at cn.edu.buaa.jsi.hibernate.dao.impl.GroupDaoImpl.saveGroup(GroupDaoImpl.java:12)
	at cn.edu.buaa.jsi.test.InitialDatebase.main(InitialDatebase.java:23)
[2014-08-18 18:45:31,810]-ERROR (BaseDaoImpl.java:240)|save failed
org.springframework.dao.InvalidDataAccessApiUsageException: Write operations are not allowed in read-only mode (FlushMode.MANUAL): Turn your Session into FlushMode.COMMIT/AUTO or remove 'readOnly' marker from transaction definition.
	at org.springframework.orm.hibernate4.HibernateTemplate.checkWriteOperationAllowed(HibernateTemplate.java:1135)
	at org.springframework.orm.hibernate4.HibernateTemplate$12.doInHibernate(HibernateTemplate.java:620)
	at org.springframework.orm.hibernate4.HibernateTemplate$12.doInHibernate(HibernateTemplate.java:617)
	at org.springframework.orm.hibernate4.HibernateTemplate.doExecute(HibernateTemplate.java:340)
	at org.springframework.orm.hibernate4.HibernateTemplate.executeWithNativeSession(HibernateTemplate.java:308)
	at org.springframework.orm.hibernate4.HibernateTemplate.save(HibernateTemplate.java:617)
	at cn.edu.buaa.jsi.hibernate.dao.impl.BaseDaoImpl.save(BaseDaoImpl.java:237)
	at cn.edu.buaa.jsi.hibernate.dao.impl.GroupDaoImpl.saveGroup(GroupDaoImpl.java:12)
	at cn.edu.buaa.jsi.test.InitialDatebase.main(InitialDatebase.java:23)
	at sun.reflect.NativeMethodAccessorImpl.invoke0(Native Method)
	at sun.reflect.NativeMethodAccessorImpl.invoke(NativeMethodAccessorImpl.java:62)
	at sun.reflect.DelegatingMethodAccessorImpl.invoke(DelegatingMethodAccessorImpl.java:43)
	at java.lang.reflect.Method.invoke(Method.java:483)
	at com.intellij.rt.execution.application.AppMain.main(AppMain.java:120)
[2014-08-18 18:49:42,533]-ERROR (BaseDaoImpl.java:240)|save failed
org.springframework.dao.InvalidDataAccessApiUsageException: Write operations are not allowed in read-only mode (FlushMode.MANUAL): Turn your Session into FlushMode.COMMIT/AUTO or remove 'readOnly' marker from transaction definition.
	at org.springframework.orm.hibernate4.HibernateTemplate.checkWriteOperationAllowed(HibernateTemplate.java:1135)
	at org.springframework.orm.hibernate4.HibernateTemplate$12.doInHibernate(HibernateTemplate.java:620)
	at org.springframework.orm.hibernate4.HibernateTemplate$12.doInHibernate(HibernateTemplate.java:617)
	at org.springframework.orm.hibernate4.HibernateTemplate.doExecute(HibernateTemplate.java:340)
	at org.springframework.orm.hibernate4.HibernateTemplate.executeWithNativeSession(HibernateTemplate.java:308)
	at org.springframework.orm.hibernate4.HibernateTemplate.save(HibernateTemplate.java:617)
	at cn.edu.buaa.jsi.hibernate.dao.impl.BaseDaoImpl.save(BaseDaoImpl.java:237)
	at cn.edu.buaa.jsi.hibernate.dao.impl.GroupDaoImpl.saveGroup(GroupDaoImpl.java:12)
	at cn.edu.buaa.jsi.test.InitialDatebase.main(InitialDatebase.java:23)
[2014-08-18 18:52:04,397]-ERROR (BaseDaoImpl.java:240)|save failed
org.springframework.dao.InvalidDataAccessApiUsageException: Write operations are not allowed in read-only mode (FlushMode.MANUAL): Turn your Session into FlushMode.COMMIT/AUTO or remove 'readOnly' marker from transaction definition.
	at org.springframework.orm.hibernate4.HibernateTemplate.checkWriteOperationAllowed(HibernateTemplate.java:1135)
	at org.springframework.orm.hibernate4.HibernateTemplate$12.doInHibernate(HibernateTemplate.java:620)
	at org.springframework.orm.hibernate4.HibernateTemplate$12.doInHibernate(HibernateTemplate.java:617)
	at org.springframework.orm.hibernate4.HibernateTemplate.doExecute(HibernateTemplate.java:340)
	at org.springframework.orm.hibernate4.HibernateTemplate.executeWithNativeSession(HibernateTemplate.java:308)
	at org.springframework.orm.hibernate4.HibernateTemplate.save(HibernateTemplate.java:617)
	at cn.edu.buaa.jsi.hibernate.dao.impl.BaseDaoImpl.save(BaseDaoImpl.java:237)
	at cn.edu.buaa.jsi.hibernate.dao.impl.GroupDaoImpl.saveGroup(GroupDaoImpl.java:12)
	at cn.edu.buaa.jsi.test.InitialDatebase.main(InitialDatebase.java:23)
[2014-08-18 18:52:40,281]-ERROR (BaseDaoImpl.java:240)|save failed
org.springframework.dao.InvalidDataAccessApiUsageException: Write operations are not allowed in read-only mode (FlushMode.MANUAL): Turn your Session into FlushMode.COMMIT/AUTO or remove 'readOnly' marker from transaction definition.
	at org.springframework.orm.hibernate4.HibernateTemplate.checkWriteOperationAllowed(HibernateTemplate.java:1135)
	at org.springframework.orm.hibernate4.HibernateTemplate$12.doInHibernate(HibernateTemplate.java:620)
	at org.springframework.orm.hibernate4.HibernateTemplate$12.doInHibernate(HibernateTemplate.java:617)
	at org.springframework.orm.hibernate4.HibernateTemplate.doExecute(HibernateTemplate.java:340)
	at org.springframework.orm.hibernate4.HibernateTemplate.executeWithNativeSession(HibernateTemplate.java:308)
	at org.springframework.orm.hibernate4.HibernateTemplate.save(HibernateTemplate.java:617)
	at cn.edu.buaa.jsi.hibernate.dao.impl.BaseDaoImpl.save(BaseDaoImpl.java:237)
	at cn.edu.buaa.jsi.hibernate.dao.impl.GroupDaoImpl.saveGroup(GroupDaoImpl.java:12)
	at cn.edu.buaa.jsi.test.InitialDatebase.main(InitialDatebase.java:23)
[2014-08-18 18:54:59,240]-ERROR (BaseDaoImpl.java:240)|save failed
org.springframework.dao.InvalidDataAccessApiUsageException: Write operations are not allowed in read-only mode (FlushMode.MANUAL): Turn your Session into FlushMode.COMMIT/AUTO or remove 'readOnly' marker from transaction definition.
	at org.springframework.orm.hibernate4.HibernateTemplate.checkWriteOperationAllowed(HibernateTemplate.java:1135)
	at org.springframework.orm.hibernate4.HibernateTemplate$12.doInHibernate(HibernateTemplate.java:620)
	at org.springframework.orm.hibernate4.HibernateTemplate$12.doInHibernate(HibernateTemplate.java:617)
	at org.springframework.orm.hibernate4.HibernateTemplate.doExecute(HibernateTemplate.java:340)
	at org.springframework.orm.hibernate4.HibernateTemplate.executeWithNativeSession(HibernateTemplate.java:308)
	at org.springframework.orm.hibernate4.HibernateTemplate.save(HibernateTemplate.java:617)
	at cn.edu.buaa.jsi.hibernate.dao.impl.BaseDaoImpl.save(BaseDaoImpl.java:237)
	at cn.edu.buaa.jsi.hibernate.dao.impl.GroupDaoImpl.saveGroup(GroupDaoImpl.java:12)
	at cn.edu.buaa.jsi.test.InitialDatebase.main(InitialDatebase.java:23)
	at sun.reflect.NativeMethodAccessorImpl.invoke0(Native Method)
	at sun.reflect.NativeMethodAccessorImpl.invoke(NativeMethodAccessorImpl.java:62)
	at sun.reflect.DelegatingMethodAccessorImpl.invoke(DelegatingMethodAccessorImpl.java:43)
	at java.lang.reflect.Method.invoke(Method.java:483)
	at com.intellij.rt.execution.application.AppMain.main(AppMain.java:120)
[2014-08-18 19:01:02,734]-ERROR (BaseDaoImpl.java:240)|save failed
org.springframework.dao.InvalidDataAccessApiUsageException: Write operations are not allowed in read-only mode (FlushMode.MANUAL): Turn your Session into FlushMode.COMMIT/AUTO or remove 'readOnly' marker from transaction definition.
	at org.springframework.orm.hibernate4.HibernateTemplate.checkWriteOperationAllowed(HibernateTemplate.java:1135)
	at org.springframework.orm.hibernate4.HibernateTemplate$12.doInHibernate(HibernateTemplate.java:620)
	at org.springframework.orm.hibernate4.HibernateTemplate$12.doInHibernate(HibernateTemplate.java:617)
	at org.springframework.orm.hibernate4.HibernateTemplate.doExecute(HibernateTemplate.java:340)
	at org.springframework.orm.hibernate4.HibernateTemplate.executeWithNativeSession(HibernateTemplate.java:308)
	at org.springframework.orm.hibernate4.HibernateTemplate.save(HibernateTemplate.java:617)
	at cn.edu.buaa.jsi.hibernate.dao.impl.BaseDaoImpl.save(BaseDaoImpl.java:237)
	at cn.edu.buaa.jsi.hibernate.dao.impl.GroupDaoImpl.saveGroup(GroupDaoImpl.java:12)
	at cn.edu.buaa.jsi.test.InitialDatebase.main(InitialDatebase.java:23)
[2014-08-18 19:13:58,702]-ERROR (SqlExceptionHelper.java:146)|Couldn't perform the operation prepareStatement: You can't perform any operations on this connection. It has been automatically closed by Proxool for some reason (see logs).
[2014-08-18 19:14:09,029]-ERROR (BaseDaoImpl.java:240)|save failed
org.springframework.orm.hibernate4.HibernateJdbcException: JDBC exception on Hibernate data access: SQLException for SQL [insert into jsi_db.tb_group (group_disc) values (?)]; SQL state [null]; error code [0]; could not prepare statement; nested exception is org.hibernate.exception.GenericJDBCException: could not prepare statement
	at org.springframework.orm.hibernate4.SessionFactoryUtils.convertHibernateAccessException(SessionFactoryUtils.java:168)
	at org.springframework.orm.hibernate4.HibernateTemplate.doExecute(HibernateTemplate.java:343)
	at org.springframework.orm.hibernate4.HibernateTemplate.executeWithNativeSession(HibernateTemplate.java:308)
	at org.springframework.orm.hibernate4.HibernateTemplate.save(HibernateTemplate.java:617)
	at cn.edu.buaa.jsi.hibernate.dao.impl.BaseDaoImpl.save(BaseDaoImpl.java:237)
	at cn.edu.buaa.jsi.hibernate.dao.impl.GroupDaoImpl.saveGroup(GroupDaoImpl.java:12)
	at cn.edu.buaa.jsi.hibernate.dao.impl.GroupDaoImpl$$FastClassBySpringCGLIB$$43eeabfb.invoke(<generated>)
	at org.springframework.cglib.proxy.MethodProxy.invoke(MethodProxy.java:204)
	at org.springframework.aop.framework.CglibAopProxy$CglibMethodInvocation.invokeJoinpoint(CglibAopProxy.java:708)
	at org.springframework.aop.framework.ReflectiveMethodInvocation.proceed(ReflectiveMethodInvocation.java:157)
	at org.springframework.transaction.interceptor.TransactionInterceptor$1.proceedWithInvocation(TransactionInterceptor.java:98)
	at org.springframework.transaction.interceptor.TransactionAspectSupport.invokeWithinTransaction(TransactionAspectSupport.java:262)
	at org.springframework.transaction.interceptor.TransactionInterceptor.invoke(TransactionInterceptor.java:95)
	at org.springframework.aop.framework.ReflectiveMethodInvocation.proceed(ReflectiveMethodInvocation.java:179)
	at org.springframework.aop.framework.CglibAopProxy$DynamicAdvisedInterceptor.intercept(CglibAopProxy.java:644)
	at cn.edu.buaa.jsi.hibernate.dao.impl.GroupDaoImpl$$EnhancerBySpringCGLIB$$bb774cd9.saveGroup(<generated>)
	at cn.edu.buaa.jsi.test.InitialDatebase.main(InitialDatebase.java:23)
Caused by: org.hibernate.exception.GenericJDBCException: could not prepare statement
	at org.hibernate.exception.internal.StandardSQLExceptionConverter.convert(StandardSQLExceptionConverter.java:54)
	at org.hibernate.engine.jdbc.spi.SqlExceptionHelper.convert(SqlExceptionHelper.java:126)
	at org.hibernate.engine.jdbc.internal.StatementPreparerImpl$StatementPreparationTemplate.prepareStatement(StatementPreparerImpl.java:196)
	at org.hibernate.engine.jdbc.internal.StatementPreparerImpl.prepareStatement(StatementPreparerImpl.java:122)
	at org.hibernate.id.IdentityGenerator$GetGeneratedKeysDelegate.prepare(IdentityGenerator.java:89)
	at org.hibernate.id.insert.AbstractReturningDelegate.performInsert(AbstractReturningDelegate.java:55)
	at org.hibernate.persister.entity.AbstractEntityPersister.insert(AbstractEntityPersister.java:3032)
	at org.hibernate.persister.entity.AbstractEntityPersister.insert(AbstractEntityPersister.java:3558)
	at org.hibernate.action.internal.EntityIdentityInsertAction.execute(EntityIdentityInsertAction.java:98)
	at org.hibernate.engine.spi.ActionQueue.execute(ActionQueue.java:490)
	at org.hibernate.engine.spi.ActionQueue.addResolvedEntityInsertAction(ActionQueue.java:195)
	at org.hibernate.engine.spi.ActionQueue.addInsertAction(ActionQueue.java:179)
	at org.hibernate.engine.spi.ActionQueue.addAction(ActionQueue.java:214)
	at org.hibernate.event.internal.AbstractSaveEventListener.addInsertAction(AbstractSaveEventListener.java:324)
	at org.hibernate.event.internal.AbstractSaveEventListener.performSaveOrReplicate(AbstractSaveEventListener.java:288)
	at org.hibernate.event.internal.AbstractSaveEventListener.performSave(AbstractSaveEventListener.java:194)
	at org.hibernate.event.internal.AbstractSaveEventListener.saveWithGeneratedId(AbstractSaveEventListener.java:125)
	at org.hibernate.event.internal.DefaultSaveOrUpdateEventListener.saveWithGeneratedOrRequestedId(DefaultSaveOrUpdateEventListener.java:209)
	at org.hibernate.event.internal.DefaultSaveEventListener.saveWithGeneratedOrRequestedId(DefaultSaveEventListener.java:55)
	at org.hibernate.event.internal.DefaultSaveOrUpdateEventListener.entityIsTransient(DefaultSaveOrUpdateEventListener.java:194)
	at org.hibernate.event.internal.DefaultSaveEventListener.performSaveOrUpdate(DefaultSaveEventListener.java:49)
	at org.hibernate.event.internal.DefaultSaveOrUpdateEventListener.onSaveOrUpdate(DefaultSaveOrUpdateEventListener.java:90)
	at org.hibernate.internal.SessionImpl.fireSave(SessionImpl.java:715)
	at org.hibernate.internal.SessionImpl.save(SessionImpl.java:707)
	at org.hibernate.internal.SessionImpl.save(SessionImpl.java:702)
	at org.springframework.orm.hibernate4.HibernateTemplate$12.doInHibernate(HibernateTemplate.java:621)
	at org.springframework.orm.hibernate4.HibernateTemplate$12.doInHibernate(HibernateTemplate.java:617)
	at org.springframework.orm.hibernate4.HibernateTemplate.doExecute(HibernateTemplate.java:340)
	... 15 more
Caused by: java.sql.SQLException: Couldn't perform the operation prepareStatement: You can't perform any operations on this connection. It has been automatically closed by Proxool for some reason (see logs).
	at org.logicalcobwebs.proxool.WrappedConnection.invoke(WrappedConnection.java:207)
	at org.logicalcobwebs.proxool.WrappedConnection.intercept(WrappedConnection.java:87)
	at com.mysql.jdbc.ConnectionProperties$$EnhancerByProxool$$88fe8ba.prepareStatement(<generated>)
	at org.hibernate.engine.jdbc.internal.StatementPreparerImpl$2.doPrepare(StatementPreparerImpl.java:124)
	at org.hibernate.engine.jdbc.internal.StatementPreparerImpl$StatementPreparationTemplate.prepareStatement(StatementPreparerImpl.java:186)
	... 40 more
[2014-08-18 19:14:09,043]-ERROR (AssertionFailure.java:50)|HHH000099: an assertion failure occured (this may indicate a bug in Hibernate, but is more likely due to unsafe use of the session): org.hibernate.AssertionFailure: null id in cn.edu.buaa.jsi.entities.Group entry (don't flush the Session after an exception occurs)
[2014-08-18 19:14:09,046]-ERROR (AbstractPlatformTransactionManager.java:906)|Commit exception overridden by rollback exception
org.hibernate.AssertionFailure: null id in cn.edu.buaa.jsi.entities.Group entry (don't flush the Session after an exception occurs)
	at org.hibernate.event.internal.DefaultFlushEntityEventListener.checkId(DefaultFlushEntityEventListener.java:77)
	at org.hibernate.event.internal.DefaultFlushEntityEventListener.getValues(DefaultFlushEntityEventListener.java:192)
	at org.hibernate.event.internal.DefaultFlushEntityEventListener.onFlushEntity(DefaultFlushEntityEventListener.java:152)
	at org.hibernate.event.internal.AbstractFlushingEventListener.flushEntities(AbstractFlushingEventListener.java:231)
	at org.hibernate.event.internal.AbstractFlushingEventListener.flushEverythingToExecutions(AbstractFlushingEventListener.java:102)
	at org.hibernate.event.internal.DefaultFlushEventListener.onFlush(DefaultFlushEventListener.java:55)
	at org.hibernate.internal.SessionImpl.flush(SessionImpl.java:1222)
	at org.hibernate.internal.SessionImpl.managedFlush(SessionImpl.java:425)
	at org.hibernate.engine.transaction.internal.jdbc.JdbcTransaction.beforeTransactionCommit(JdbcTransaction.java:101)
	at org.hibernate.engine.transaction.spi.AbstractTransactionImpl.commit(AbstractTransactionImpl.java:177)
	at org.springframework.orm.hibernate4.HibernateTransactionManager.doCommit(HibernateTransactionManager.java:555)
	at org.springframework.transaction.support.AbstractPlatformTransactionManager.processCommit(AbstractPlatformTransactionManager.java:757)
	at org.springframework.transaction.support.AbstractPlatformTransactionManager.commit(AbstractPlatformTransactionManager.java:726)
	at org.springframework.transaction.interceptor.TransactionAspectSupport.commitTransactionAfterReturning(TransactionAspectSupport.java:478)
	at org.springframework.transaction.interceptor.TransactionAspectSupport.invokeWithinTransaction(TransactionAspectSupport.java:272)
	at org.springframework.transaction.interceptor.TransactionInterceptor.invoke(TransactionInterceptor.java:95)
	at org.springframework.aop.framework.ReflectiveMethodInvocation.proceed(ReflectiveMethodInvocation.java:179)
	at org.springframework.aop.framework.CglibAopProxy$DynamicAdvisedInterceptor.intercept(CglibAopProxy.java:644)
	at cn.edu.buaa.jsi.hibernate.dao.impl.GroupDaoImpl$$EnhancerBySpringCGLIB$$bb774cd9.saveGroup(<generated>)
	at cn.edu.buaa.jsi.test.InitialDatebase.main(InitialDatebase.java:23)
[2014-08-18 19:14:35,055]-ERROR (BaseDaoImpl.java:277)|saveOrUpdate failed
java.lang.NullPointerException
	at cn.edu.buaa.jsi.hibernate.dao.impl.BaseDaoImpl.saveOrUpdate(BaseDaoImpl.java:274)
	at cn.edu.buaa.jsi.hibernate.dao.impl.AccountDaoImpl.saveORupdateAccount(AccountDaoImpl.java:35)
	at cn.edu.buaa.jsi.test.InitialDatebase.main(InitialDatebase.java:29)
	at sun.reflect.NativeMethodAccessorImpl.invoke0(Native Method)
	at sun.reflect.NativeMethodAccessorImpl.invoke(NativeMethodAccessorImpl.java:62)
	at sun.reflect.DelegatingMethodAccessorImpl.invoke(DelegatingMethodAccessorImpl.java:43)
	at java.lang.reflect.Method.invoke(Method.java:483)
	at com.intellij.rt.execution.application.AppMain.main(AppMain.java:120)
[2014-08-18 19:16:03,173]-ERROR (BaseDaoImpl.java:277)|saveOrUpdate failed
org.springframework.dao.InvalidDataAccessApiUsageException: Write operations are not allowed in read-only mode (FlushMode.MANUAL): Turn your Session into FlushMode.COMMIT/AUTO or remove 'readOnly' marker from transaction definition.
	at org.springframework.orm.hibernate4.HibernateTemplate.checkWriteOperationAllowed(HibernateTemplate.java:1135)
	at org.springframework.orm.hibernate4.HibernateTemplate$16.doInHibernate(HibernateTemplate.java:684)
	at org.springframework.orm.hibernate4.HibernateTemplate.doExecute(HibernateTemplate.java:340)
	at org.springframework.orm.hibernate4.HibernateTemplate.executeWithNativeSession(HibernateTemplate.java:308)
	at org.springframework.orm.hibernate4.HibernateTemplate.saveOrUpdate(HibernateTemplate.java:681)
	at cn.edu.buaa.jsi.hibernate.dao.impl.BaseDaoImpl.saveOrUpdate(BaseDaoImpl.java:274)
	at cn.edu.buaa.jsi.hibernate.dao.impl.AccountDaoImpl.saveORupdateAccount(AccountDaoImpl.java:35)
	at cn.edu.buaa.jsi.test.InitialDatebase.main(InitialDatebase.java:29)
